<?xml version="1.0" encoding="UTF-8"?>
<testsuite xmlns:xsi="http://www.w3.org/2001/XMLSchema-instance" xsi:noNamespaceSchemaLocation="https://maven.apache.org/surefire/maven-surefire-plugin/xsd/surefire-test-report.xsd" version="3.0.2" name="io.holocron.dev.DevAuthTest" time="5.866" tests="2" errors="0" skipped="0" failures="0">
  <properties>
[...]
</properties>
  <testcase name="testDevLoginRedirect" classname="io.holocron.dev.DevAuthTest" time="0.741">
    <system-out><![CDATA[12:08:20 INFO  [io.ho.de.DevDataSeeder] (main) 🔮 Holocron Dev Mode Active: Checking for seed data...
12:08:21 INFO  [io.ho.de.DevDataSeeder] (main) 🌱 Seeding default users and teams...
12:08:21 INFO  [io.ho.de.DevDataSeeder] (main) ✅ Seeding complete: Created 1 team and 2 users.
12:08:21 INFO  [io.quarkus] (main) holocron 1.0.0-SNAPSHOT on JVM (powered by Quarkus 3.15.0) started in 3.270s. Listening on: http://localhost:8081
12:08:21 INFO  [io.quarkus] (main) Profile test activated. 
12:08:21 INFO  [io.quarkus] (main) Installed features: [agroal, cdi, hibernate-orm, hibernate-orm-panache, jdbc-h2, jdbc-sqlite, narayana-jta, oidc, qute, rest, rest-jackson, security, smallrye-context-propagation, vertx]
]]></system-out>
  </testcase>
  <testcase name="testSecureEndpointWithMockCookie" classname="io.holocron.dev.DevAuthTest" time="0.038"/>
</testsuite>