<?xml version="1.0" encoding="UTF-8"?>
<testsuite xmlns:xsi="http://www.w3.org/2001/XMLSchema-instance" xsi:noNamespaceSchemaLocation="https://maven.apache.org/surefire/maven-surefire-plugin/xsd/surefire-test-report.xsd" version="3.0.2" name="com.holocron.ui.PublicControllerTest" time="3.581" tests="1" errors="1" skipped="0" failures="0">
  <properties>
[...]
</properties>
  <testcase name="testLandingPage" classname="com.holocron.ui.PublicControllerTest" time="0.005">
    <error message="java.lang.RuntimeException: io.quarkus.builder.BuildException: Build failure: Build failed due to errors&#10;	[error]: Build step io.quarkus.hibernate.orm.deployment.HibernateOrmProcessor#pregenProxies threw an exception: java.lang.IllegalArgumentException: Java 25 (69) is not supported by the current version of Byte Buddy which officially supports Java 23 (67) - update Byte Buddy or set net.bytebuddy.experimental as a VM property&#10;	at net.bytebuddy.utility.OpenedClassReader.of(OpenedClassReader.java:100)&#10;	at net.bytebuddy.pool.TypePool$Default.parse(TypePool.java:878)&#10;	at net.bytebuddy.pool.TypePool$Default.doDescribe(TypePool.java:864)&#10;	at net.bytebuddy.pool.TypePool$AbstractBase.describe(TypePool.java:597)&#10;	at net.bytebuddy.pool.TypePool$AbstractBase$Hierarchical.describe(TypePool.java:680)&#10;	at net.bytebuddy.pool.TypePool$Default$LazyTypeDescription$TokenizedGenericType.toErasure(TypePool.java:6929)&#10;	at net.bytebuddy.pool.TypePool$Default$LazyTypeDescription$GenericTypeToken$Resolution$Raw$RawAnnotatedType.of(TypePool.java:3780)&#10;	at net.bytebuddy.pool.TypePool$Default$LazyTypeDescription$GenericTypeToken$Resolution$Raw.resolveSuperClass(TypePool.java:3648)&#10;	at net.bytebuddy.pool.TypePool$Default$LazyTypeDescription.getSuperClass(TypePool.java:2796)&#10;	at net.bytebuddy.description.type.TypeDescription$Generic$OfNonGenericType.getSuperClass(TypeDescription.java:3681)&#10;	at net.bytebuddy.dynamic.scaffold.MethodGraph$Compiler$Default.doAnalyze(MethodGraph.java:743)&#10;	at net.bytebuddy.dynamic.scaffold.MethodGraph$Compiler$Default.analyze(MethodGraph.java:710)&#10;	at net.bytebuddy.dynamic.scaffold.MethodGraph$Compiler$Default.analyzeNullable(MethodGraph.java:729)&#10;	at net.bytebuddy.dynamic.scaffold.MethodGraph$Compiler$Default.doAnalyze(MethodGraph.java:743)&#10;	at net.bytebuddy.dynamic.scaffold.MethodGraph$Compiler$Default.analyze(MethodGraph.java:710)&#10;	at net.bytebuddy.dynamic.scaffold.MethodGraph$Compiler$Default.analyzeNullable(MethodGraph.java:729)&#10;	at net.bytebuddy.dynamic.scaffold.MethodGraph$Compiler$Default.doAnalyze(MethodGraph.java:743)&#10;	at net.bytebuddy.dynamic.scaffold.MethodGraph$Compiler$Default.compile(MethodGraph.java:668)&#10;	at net.bytebuddy.dynamic.scaffold.MethodGraph$Compiler$AbstractBase.compile(MethodGraph.java:519)&#10;	at net.bytebuddy.dynamic.scaffold.MethodRegistry$Default.prepare(MethodRegistry.java:472)&#10;	at net.bytebuddy.dynamic.scaffold.subclass.SubclassDynamicTypeBuilder.toTypeWriter(SubclassDynamicTypeBuilder.java:212)&#10;	at net.bytebuddy.dynamic.DynamicType$Builder$AbstractBase$UsingTypeWriter.make(DynamicType.java:4062)&#10;	at net.bytebuddy.dynamic.DynamicType$Builder$AbstractBase.make(DynamicType.java:3732)&#10;	at org.hibernate.bytecode.internal.bytebuddy.ByteBuddyState.make(ByteBuddyState.java:240)&#10;	at org.hibernate.bytecode.internal.bytebuddy.ByteBuddyState.make(ByteBuddyState.java:228)&#10;	at org.hibernate.proxy.pojo.bytebuddy.ByteBuddyProxyHelper.buildUnloadedProxy(ByteBuddyProxyHelper.java:80)&#10;	at io.quarkus.hibernate.orm.deployment.ProxyBuildingHelper.buildUnloadedProxy(ProxyBuildingHelper.java:42)&#10;	at io.quarkus.hibernate.orm.deployment.HibernateOrmProcessor.generatedProxies(HibernateOrmProcessor.java:1575)&#10;	at io.quarkus.hibernate.orm.deployment.HibernateOrmProcessor.pregenProxies(HibernateOrmProcessor.java:433)&#10;	at java.base/java.lang.invoke.MethodHandle.invokeWithArguments(MethodHandle.java:735)&#10;	at io.quarkus.deployment.ExtensionLoader$3.execute(ExtensionLoader.java:856)&#10;	at io.quarkus.builder.BuildContext.run(BuildContext.java:256)&#10;	at org.jboss.threads.ContextHandler$1.runWith(ContextHandler.java:18)&#10;	at org.jboss.threads.EnhancedQueueExecutor$Task.doRunWith(EnhancedQueueExecutor.java:2516)&#10;	at org.jboss.threads.EnhancedQueueExecutor$Task.run(EnhancedQueueExecutor.java:2495)&#10;	at org.jboss.threads.EnhancedQueueExecutor$ThreadBody.run(EnhancedQueueExecutor.java:1521)&#10;	at java.base/java.lang.Thread.run(Thread.java:1474)&#10;	at org.jboss.threads.JBossThread.run(JBossThread.java:483)&#10;" type="java.lang.RuntimeException"><![CDATA[java.lang.RuntimeException: 
java.lang.RuntimeException: io.quarkus.builder.BuildException: Build failure: Build failed due to errors
	[error]: Build step io.quarkus.hibernate.orm.deployment.HibernateOrmProcessor#pregenProxies threw an exception: java.lang.IllegalArgumentException: Java 25 (69) is not supported by the current version of Byte Buddy which officially supports Java 23 (67) - update Byte Buddy or set net.bytebuddy.experimental as a VM property
	at net.bytebuddy.utility.OpenedClassReader.of(OpenedClassReader.java:100)
	at net.bytebuddy.pool.TypePool$Default.parse(TypePool.java:878)
	at net.bytebuddy.pool.TypePool$Default.doDescribe(TypePool.java:864)
	at net.bytebuddy.pool.TypePool$AbstractBase.describe(TypePool.java:597)
	at net.bytebuddy.pool.TypePool$AbstractBase$Hierarchical.describe(TypePool.java:680)
	at net.bytebuddy.pool.TypePool$Default$LazyTypeDescription$TokenizedGenericType.toErasure(TypePool.java:6929)
	at net.bytebuddy.pool.TypePool$Default$LazyTypeDescription$GenericTypeToken$Resolution$Raw$RawAnnotatedType.of(TypePool.java:3780)
	at net.bytebuddy.pool.TypePool$Default$LazyTypeDescription$GenericTypeToken$Resolution$Raw.resolveSuperClass(TypePool.java:3648)
	at net.bytebuddy.pool.TypePool$Default$LazyTypeDescription.getSuperClass(TypePool.java:2796)
	at net.bytebuddy.description.type.TypeDescription$Generic$OfNonGenericType.getSuperClass(TypeDescription.java:3681)
	at net.bytebuddy.dynamic.scaffold.MethodGraph$Compiler$Default.doAnalyze(MethodGraph.java:743)
	at net.bytebuddy.dynamic.scaffold.MethodGraph$Compiler$Default.analyze(MethodGraph.java:710)
	at net.bytebuddy.dynamic.scaffold.MethodGraph$Compiler$Default.analyzeNullable(MethodGraph.java:729)
	at net.bytebuddy.dynamic.scaffold.MethodGraph$Compiler$Default.doAnalyze(MethodGraph.java:743)
	at net.bytebuddy.dynamic.scaffold.MethodGraph$Compiler$Default.analyze(MethodGraph.java:710)
	at net.bytebuddy.dynamic.scaffold.MethodGraph$Compiler$Default.analyzeNullable(MethodGraph.java:729)
	at net.bytebuddy.dynamic.scaffold.MethodGraph$Compiler$Default.doAnalyze(MethodGraph.java:743)
	at net.bytebuddy.dynamic.scaffold.MethodGraph$Compiler$Default.compile(MethodGraph.java:668)
	at net.bytebuddy.dynamic.scaffold.MethodGraph$Compiler$AbstractBase.compile(MethodGraph.java:519)
	at net.bytebuddy.dynamic.scaffold.MethodRegistry$Default.prepare(MethodRegistry.java:472)
	at net.bytebuddy.dynamic.scaffold.subclass.SubclassDynamicTypeBuilder.toTypeWriter(SubclassDynamicTypeBuilder.java:212)
	at net.bytebuddy.dynamic.DynamicType$Builder$AbstractBase$UsingTypeWriter.make(DynamicType.java:4062)
	at net.bytebuddy.dynamic.DynamicType$Builder$AbstractBase.make(DynamicType.java:3732)
	at org.hibernate.bytecode.internal.bytebuddy.ByteBuddyState.make(ByteBuddyState.java:240)
	at org.hibernate.bytecode.internal.bytebuddy.ByteBuddyState.make(ByteBuddyState.java:228)
	at org.hibernate.proxy.pojo.bytebuddy.ByteBuddyProxyHelper.buildUnloadedProxy(ByteBuddyProxyHelper.java:80)
	at io.quarkus.hibernate.orm.deployment.ProxyBuildingHelper.buildUnloadedProxy(ProxyBuildingHelper.java:42)
	at io.quarkus.hibernate.orm.deployment.HibernateOrmProcessor.generatedProxies(HibernateOrmProcessor.java:1575)
	at io.quarkus.hibernate.orm.deployment.HibernateOrmProcessor.pregenProxies(HibernateOrmProcessor.java:433)
	at java.base/java.lang.invoke.MethodHandle.invokeWithArguments(MethodHandle.java:735)
	at io.quarkus.deployment.ExtensionLoader$3.execute(ExtensionLoader.java:856)
	at io.quarkus.builder.BuildContext.run(BuildContext.java:256)
	at org.jboss.threads.ContextHandler$1.runWith(ContextHandler.java:18)
	at org.jboss.threads.EnhancedQueueExecutor$Task.doRunWith(EnhancedQueueExecutor.java:2516)
	at org.jboss.threads.EnhancedQueueExecutor$Task.run(EnhancedQueueExecutor.java:2495)
	at org.jboss.threads.EnhancedQueueExecutor$ThreadBody.run(EnhancedQueueExecutor.java:1521)
	at java.base/java.lang.Thread.run(Thread.java:1474)
	at org.jboss.threads.JBossThread.run(JBossThread.java:483)

	at io.quarkus.test.junit.QuarkusTestExtension.throwBootFailureException(QuarkusTestExtension.java:634)
	at io.quarkus.test.junit.QuarkusTestExtension.interceptTestClassConstructor(QuarkusTestExtension.java:718)
	at java.base/java.util.Optional.orElseGet(Optional.java:364)
	at java.base/java.util.ArrayList.forEach(ArrayList.java:1604)
	at java.base/java.util.ArrayList.forEach(ArrayList.java:1604)
Caused by: java.lang.RuntimeException: io.quarkus.builder.BuildException: Build failure: Build failed due to errors
	[error]: Build step io.quarkus.hibernate.orm.deployment.HibernateOrmProcessor#pregenProxies threw an exception: java.lang.IllegalArgumentException: Java 25 (69) is not supported by the current version of Byte Buddy which officially supports Java 23 (67) - update Byte Buddy or set net.bytebuddy.experimental as a VM property
	at net.bytebuddy.utility.OpenedClassReader.of(OpenedClassReader.java:100)
	at net.bytebuddy.pool.TypePool$Default.parse(TypePool.java:878)
	at net.bytebuddy.pool.TypePool$Default.doDescribe(TypePool.java:864)
	at net.bytebuddy.pool.TypePool$AbstractBase.describe(TypePool.java:597)
	at net.bytebuddy.pool.TypePool$AbstractBase$Hierarchical.describe(TypePool.java:680)
	at net.bytebuddy.pool.TypePool$Default$LazyTypeDescription$TokenizedGenericType.toErasure(TypePool.java:6929)
	at net.bytebuddy.pool.TypePool$Default$LazyTypeDescription$GenericTypeToken$Resolution$Raw$RawAnnotatedType.of(TypePool.java:3780)
	at net.bytebuddy.pool.TypePool$Default$LazyTypeDescription$GenericTypeToken$Resolution$Raw.resolveSuperClass(TypePool.java:3648)
	at net.bytebuddy.pool.TypePool$Default$LazyTypeDescription.getSuperClass(TypePool.java:2796)
	at net.bytebuddy.description.type.TypeDescription$Generic$OfNonGenericType.getSuperClass(TypeDescription.java:3681)
	at net.bytebuddy.dynamic.scaffold.MethodGraph$Compiler$Default.doAnalyze(MethodGraph.java:743)
	at net.bytebuddy.dynamic.scaffold.MethodGraph$Compiler$Default.analyze(MethodGraph.java:710)
	at net.bytebuddy.dynamic.scaffold.MethodGraph$Compiler$Default.analyzeNullable(MethodGraph.java:729)
	at net.bytebuddy.dynamic.scaffold.MethodGraph$Compiler$Default.doAnalyze(MethodGraph.java:743)
	at net.bytebuddy.dynamic.scaffold.MethodGraph$Compiler$Default.analyze(MethodGraph.java:710)
	at net.bytebuddy.dynamic.scaffold.MethodGraph$Compiler$Default.analyzeNullable(MethodGraph.java:729)
	at net.bytebuddy.dynamic.scaffold.MethodGraph$Compiler$Default.doAnalyze(MethodGraph.java:743)
	at net.bytebuddy.dynamic.scaffold.MethodGraph$Compiler$Default.compile(MethodGraph.java:668)
	at net.bytebuddy.dynamic.scaffold.MethodGraph$Compiler$AbstractBase.compile(MethodGraph.java:519)
	at net.bytebuddy.dynamic.scaffold.MethodRegistry$Default.prepare(MethodRegistry.java:472)
	at net.bytebuddy.dynamic.scaffold.subclass.SubclassDynamicTypeBuilder.toTypeWriter(SubclassDynamicTypeBuilder.java:212)
	at net.bytebuddy.dynamic.DynamicType$Builder$AbstractBase$UsingTypeWriter.make(DynamicType.java:4062)
	at net.bytebuddy.dynamic.DynamicType$Builder$AbstractBase.make(DynamicType.java:3732)
	at org.hibernate.bytecode.internal.bytebuddy.ByteBuddyState.make(ByteBuddyState.java:240)
	at org.hibernate.bytecode.internal.bytebuddy.ByteBuddyState.make(ByteBuddyState.java:228)
	at org.hibernate.proxy.pojo.bytebuddy.ByteBuddyProxyHelper.buildUnloadedProxy(ByteBuddyProxyHelper.java:80)
	at io.quarkus.hibernate.orm.deployment.ProxyBuildingHelper.buildUnloadedProxy(ProxyBuildingHelper.java:42)
	at io.quarkus.hibernate.orm.deployment.HibernateOrmProcessor.generatedProxies(HibernateOrmProcessor.java:1575)
	at io.quarkus.hibernate.orm.deployment.HibernateOrmProcessor.pregenProxies(HibernateOrmProcessor.java:433)
	at java.base/java.lang.invoke.MethodHandle.invokeWithArguments(MethodHandle.java:735)
	at io.quarkus.deployment.ExtensionLoader$3.execute(ExtensionLoader.java:856)
	at io.quarkus.builder.BuildContext.run(BuildContext.java:256)
	at org.jboss.threads.ContextHandler$1.runWith(ContextHandler.java:18)
	at org.jboss.threads.EnhancedQueueExecutor$Task.doRunWith(EnhancedQueueExecutor.java:2516)
	at org.jboss.threads.EnhancedQueueExecutor$Task.run(EnhancedQueueExecutor.java:2495)
	at org.jboss.threads.EnhancedQueueExecutor$ThreadBody.run(EnhancedQueueExecutor.java:1521)
	at java.base/java.lang.Thread.run(Thread.java:1474)
	at org.jboss.threads.JBossThread.run(JBossThread.java:483)

	at io.quarkus.runner.bootstrap.AugmentActionImpl.runAugment(AugmentActionImpl.java:354)
	at io.quarkus.runner.bootstrap.AugmentActionImpl.createInitialRuntimeApplication(AugmentActionImpl.java:272)
	at io.quarkus.runner.bootstrap.AugmentActionImpl.createInitialRuntimeApplication(AugmentActionImpl.java:62)
	at io.quarkus.test.junit.QuarkusTestExtension.doJavaStart(QuarkusTestExtension.java:219)
	at io.quarkus.test.junit.QuarkusTestExtension.ensureStarted(QuarkusTestExtension.java:601)
	at io.quarkus.test.junit.QuarkusTestExtension.beforeAll(QuarkusTestExtension.java:651)
	... 1 more
Caused by: io.quarkus.builder.BuildException: Build failure: Build failed due to errors
	[error]: Build step io.quarkus.hibernate.orm.deployment.HibernateOrmProcessor#pregenProxies threw an exception: java.lang.IllegalArgumentException: Java 25 (69) is not supported by the current version of Byte Buddy which officially supports Java 23 (67) - update Byte Buddy or set net.bytebuddy.experimental as a VM property
	at net.bytebuddy.utility.OpenedClassReader.of(OpenedClassReader.java:100)
	at net.bytebuddy.pool.TypePool$Default.parse(TypePool.java:878)
	at net.bytebuddy.pool.TypePool$Default.doDescribe(TypePool.java:864)
	at net.bytebuddy.pool.TypePool$AbstractBase.describe(TypePool.java:597)
	at net.bytebuddy.pool.TypePool$AbstractBase$Hierarchical.describe(TypePool.java:680)
	at net.bytebuddy.pool.TypePool$Default$LazyTypeDescription$TokenizedGenericType.toErasure(TypePool.java:6929)
	at net.bytebuddy.pool.TypePool$Default$LazyTypeDescription$GenericTypeToken$Resolution$Raw$RawAnnotatedType.of(TypePool.java:3780)
	at net.bytebuddy.pool.TypePool$Default$LazyTypeDescription$GenericTypeToken$Resolution$Raw.resolveSuperClass(TypePool.java:3648)
	at net.bytebuddy.pool.TypePool$Default$LazyTypeDescription.getSuperClass(TypePool.java:2796)
	at net.bytebuddy.description.type.TypeDescription$Generic$OfNonGenericType.getSuperClass(TypeDescription.java:3681)
	at net.bytebuddy.dynamic.scaffold.MethodGraph$Compiler$Default.doAnalyze(MethodGraph.java:743)
	at net.bytebuddy.dynamic.scaffold.MethodGraph$Compiler$Default.analyze(MethodGraph.java:710)
	at net.bytebuddy.dynamic.scaffold.MethodGraph$Compiler$Default.analyzeNullable(MethodGraph.java:729)
	at net.bytebuddy.dynamic.scaffold.MethodGraph$Compiler$Default.doAnalyze(MethodGraph.java:743)
	at net.bytebuddy.dynamic.scaffold.MethodGraph$Compiler$Default.analyze(MethodGraph.java:710)
	at net.bytebuddy.dynamic.scaffold.MethodGraph$Compiler$Default.analyzeNullable(MethodGraph.java:729)
	at net.bytebuddy.dynamic.scaffold.MethodGraph$Compiler$Default.doAnalyze(MethodGraph.java:743)
	at net.bytebuddy.dynamic.scaffold.MethodGraph$Compiler$Default.compile(MethodGraph.java:668)
	at net.bytebuddy.dynamic.scaffold.MethodGraph$Compiler$AbstractBase.compile(MethodGraph.java:519)
	at net.bytebuddy.dynamic.scaffold.MethodRegistry$Default.prepare(MethodRegistry.java:472)
	at net.bytebuddy.dynamic.scaffold.subclass.SubclassDynamicTypeBuilder.toTypeWriter(SubclassDynamicTypeBuilder.java:212)
	at net.bytebuddy.dynamic.DynamicType$Builder$AbstractBase$UsingTypeWriter.make(DynamicType.java:4062)
	at net.bytebuddy.dynamic.DynamicType$Builder$AbstractBase.make(DynamicType.java:3732)
	at org.hibernate.bytecode.internal.bytebuddy.ByteBuddyState.make(ByteBuddyState.java:240)
	at org.hibernate.bytecode.internal.bytebuddy.ByteBuddyState.make(ByteBuddyState.java:228)
	at org.hibernate.proxy.pojo.bytebuddy.ByteBuddyProxyHelper.buildUnloadedProxy(ByteBuddyProxyHelper.java:80)
	at io.quarkus.hibernate.orm.deployment.ProxyBuildingHelper.buildUnloadedProxy(ProxyBuildingHelper.java:42)
	at io.quarkus.hibernate.orm.deployment.HibernateOrmProcessor.generatedProxies(HibernateOrmProcessor.java:1575)
	at io.quarkus.hibernate.orm.deployment.HibernateOrmProcessor.pregenProxies(HibernateOrmProcessor.java:433)
	at java.base/java.lang.invoke.MethodHandle.invokeWithArguments(MethodHandle.java:735)
	at io.quarkus.deployment.ExtensionLoader$3.execute(ExtensionLoader.java:856)
	at io.quarkus.builder.BuildContext.run(BuildContext.java:256)
	at org.jboss.threads.ContextHandler$1.runWith(ContextHandler.java:18)
	at org.jboss.threads.EnhancedQueueExecutor$Task.doRunWith(EnhancedQueueExecutor.java:2516)
	at org.jboss.threads.EnhancedQueueExecutor$Task.run(EnhancedQueueExecutor.java:2495)
	at org.jboss.threads.EnhancedQueueExecutor$ThreadBody.run(EnhancedQueueExecutor.java:1521)
	at java.base/java.lang.Thread.run(Thread.java:1474)
	at org.jboss.threads.JBossThread.run(JBossThread.java:483)

	at io.quarkus.builder.Execution.run(Execution.java:123)
	at io.quarkus.builder.BuildExecutionBuilder.execute(BuildExecutionBuilder.java:79)
	at io.quarkus.deployment.QuarkusAugmentor.run(QuarkusAugmentor.java:161)
	at io.quarkus.runner.bootstrap.AugmentActionImpl.runAugment(AugmentActionImpl.java:350)
	... 6 more
Caused by: java.lang.IllegalArgumentException: Java 25 (69) is not supported by the current version of Byte Buddy which officially supports Java 23 (67) - update Byte Buddy or set net.bytebuddy.experimental as a VM property
	at net.bytebuddy.utility.OpenedClassReader.of(OpenedClassReader.java:100)
	at net.bytebuddy.pool.TypePool$Default.parse(TypePool.java:878)
	at net.bytebuddy.pool.TypePool$Default.doDescribe(TypePool.java:864)
	at net.bytebuddy.pool.TypePool$AbstractBase.describe(TypePool.java:597)
	at net.bytebuddy.pool.TypePool$AbstractBase$Hierarchical.describe(TypePool.java:680)
	at net.bytebuddy.pool.TypePool$Default$LazyTypeDescription$TokenizedGenericType.toErasure(TypePool.java:6929)
	at net.bytebuddy.pool.TypePool$Default$LazyTypeDescription$GenericTypeToken$Resolution$Raw$RawAnnotatedType.of(TypePool.java:3780)
	at net.bytebuddy.pool.TypePool$Default$LazyTypeDescription$GenericTypeToken$Resolution$Raw.resolveSuperClass(TypePool.java:3648)
	at net.bytebuddy.pool.TypePool$Default$LazyTypeDescription.getSuperClass(TypePool.java:2796)
	at net.bytebuddy.description.type.TypeDescription$Generic$OfNonGenericType.getSuperClass(TypeDescription.java:3681)
	at net.bytebuddy.dynamic.scaffold.MethodGraph$Compiler$Default.doAnalyze(MethodGraph.java:743)
	at net.bytebuddy.dynamic.scaffold.MethodGraph$Compiler$Default.analyze(MethodGraph.java:710)
	at net.bytebuddy.dynamic.scaffold.MethodGraph$Compiler$Default.analyzeNullable(MethodGraph.java:729)
	at net.bytebuddy.dynamic.scaffold.MethodGraph$Compiler$Default.doAnalyze(MethodGraph.java:743)
	at net.bytebuddy.dynamic.scaffold.MethodGraph$Compiler$Default.analyze(MethodGraph.java:710)
	at net.bytebuddy.dynamic.scaffold.MethodGraph$Compiler$Default.analyzeNullable(MethodGraph.java:729)
	at net.bytebuddy.dynamic.scaffold.MethodGraph$Compiler$Default.doAnalyze(MethodGraph.java:743)
	at net.bytebuddy.dynamic.scaffold.MethodGraph$Compiler$Default.compile(MethodGraph.java:668)
	at net.bytebuddy.dynamic.scaffold.MethodGraph$Compiler$AbstractBase.compile(MethodGraph.java:519)
	at net.bytebuddy.dynamic.scaffold.MethodRegistry$Default.prepare(MethodRegistry.java:472)
	at net.bytebuddy.dynamic.scaffold.subclass.SubclassDynamicTypeBuilder.toTypeWriter(SubclassDynamicTypeBuilder.java:212)
	at net.bytebuddy.dynamic.DynamicType$Builder$AbstractBase$UsingTypeWriter.make(DynamicType.java:4062)
	at net.bytebuddy.dynamic.DynamicType$Builder$AbstractBase.make(DynamicType.java:3732)
	at org.hibernate.bytecode.internal.bytebuddy.ByteBuddyState.make(ByteBuddyState.java:240)
	at org.hibernate.bytecode.internal.bytebuddy.ByteBuddyState.make(ByteBuddyState.java:228)
	at org.hibernate.proxy.pojo.bytebuddy.ByteBuddyProxyHelper.buildUnloadedProxy(ByteBuddyProxyHelper.java:80)
	at io.quarkus.hibernate.orm.deployment.ProxyBuildingHelper.buildUnloadedProxy(ProxyBuildingHelper.java:42)
	at io.quarkus.hibernate.orm.deployment.HibernateOrmProcessor.generatedProxies(HibernateOrmProcessor.java:1575)
	at io.quarkus.hibernate.orm.deployment.HibernateOrmProcessor.pregenProxies(HibernateOrmProcessor.java:433)
	at java.base/java.lang.invoke.MethodHandle.invokeWithArguments(MethodHandle.java:735)
	at io.quarkus.deployment.ExtensionLoader$3.execute(ExtensionLoader.java:856)
	at io.quarkus.builder.BuildContext.run(BuildContext.java:256)
	at org.jboss.threads.ContextHandler$1.runWith(ContextHandler.java:18)
	at org.jboss.threads.EnhancedQueueExecutor$Task.doRunWith(EnhancedQueueExecutor.java:2516)
	at org.jboss.threads.EnhancedQueueExecutor$Task.run(EnhancedQueueExecutor.java:2495)
	at org.jboss.threads.EnhancedQueueExecutor$ThreadBody.run(EnhancedQueueExecutor.java:1521)
	at java.base/java.lang.Thread.run(Thread.java:1474)
	at org.jboss.threads.JBossThread.run(JBossThread.java:483)
]]></error>
  </testcase>
</testsuite>